C:\USERS\DONGQIZH\DOCUMENTS\VISUAL STUDIO 2012\PROJECTS\MID_SEARCH_FUNC\MID_SEARCH_FUNC\DEBUG\MAIN.OBJ
C:\USERS\DONGQIZH\DOCUMENTS\VISUAL STUDIO 2012\PROJECTS\MID_SEARCH_FUNC\MID_SEARCH_FUNC\DEBUG\VC110.PDB
C:\USERS\DONGQIZH\APPDATA\LOCAL\TEMP\LNK{6B02040D-B42F-4F73-8F30-7E26ED68AD69}.TMP
C:\USERS\DONGQIZH\APPDATA\LOCAL\TEMP\LNK{D497DE7D-6D3E-4BDD-B061-CA7867596C67}.TMP
C:\USERS\DONGQIZH\DOCUMENTS\VISUAL STUDIO 2012\PROJECTS\MID_SEARCH_FUNC\DEBUG\MID_SEARCH_FUNC.ILK
C:\USERS\DONGQIZH\DOCUMENTS\VISUAL STUDIO 2012\PROJECTS\MID_SEARCH_FUNC\DEBUG\MID_SEARCH_FUNC.EXE
C:\Users\dongqizh\Documents\Visual Studio 2012\Projects\Mid_Search_Func\Mid_Search_Func\Debug\main.obj
C:\Users\dongqizh\Documents\Visual Studio 2012\Projects\Mid_Search_Func\Mid_Search_Func\Debug\cl.command.1.tlog
C:\Users\dongqizh\Documents\Visual Studio 2012\Projects\Mid_Search_Func\Mid_Search_Func\Debug\CL.read.1.tlog
C:\Users\dongqizh\Documents\Visual Studio 2012\Projects\Mid_Search_Func\Mid_Search_Func\Debug\CL.write.1.tlog
C:\Users\dongqizh\Documents\Visual Studio 2012\Projects\Mid_Search_Func\Mid_Search_Func\Debug\link-cvtres.read.1.tlog
C:\Users\dongqizh\Documents\Visual Studio 2012\Projects\Mid_Search_Func\Mid_Search_Func\Debug\link-cvtres.write.1.tlog
C:\Users\dongqizh\Documents\Visual Studio 2012\Projects\Mid_Search_Func\Mid_Search_Func\Debug\link-rc.read.1.tlog
C:\Users\dongqizh\Documents\Visual Studio 2012\Projects\Mid_Search_Func\Mid_Search_Func\Debug\link-rc.write.1.tlog
C:\Users\dongqizh\Documents\Visual Studio 2012\Projects\Mid_Search_Func\Mid_Search_Func\Debug\link.command.1.tlog
C:\Users\dongqizh\Documents\Visual Studio 2012\Projects\Mid_Search_Func\Mid_Search_Func\Debug\link.read.1.tlog
C:\Users\dongqizh\Documents\Visual Studio 2012\Projects\Mid_Search_Func\Mid_Search_Func\Debug\link.write.1.tlog
C:\Users\dongqizh\Documents\Visual Studio 2012\Projects\Mid_Search_Func\Mid_Search_Func\Debug\vc110.idb
C:\Users\dongqizh\Documents\Visual Studio 2012\Projects\Mid_Search_Func\Mid_Search_Func\Debug\vc110.pdb
C:\Users\dongqizh\Documents\Visual Studio 2012\Projects\Mid_Search_Func\Debug\Mid_Search_Func.pdb
C:\Users\dongqizh\Documents\Visual Studio 2012\Projects\Mid_Search_Func\Debug\Mid_Search_Func.exe
C:\Users\dongqizh\Documents\Visual Studio 2012\Projects\Mid_Search_Func\Debug\Mid_Search_Func.ilk
