D:\LACQ\PROJECTS\INSERTSORT\INSERTSORT\DEBUG\MAIN.OBJ
D:\LACQ\PROJECTS\INSERTSORT\INSERTSORT\DEBUG\VC110.PDB
D:\LACQ\PROJECTS\INSERTSORT\DEBUG\INSERTSORT.ILK
D:\LACQ\PROJECTS\INSERTSORT\DEBUG\INSERTSORT.EXE
D:\LACQ\PROJECTS\INSERTSORT\DEBUG\INSERTSORT.PDB
D:\LacQ\Projects\InsertSort\InsertSort\Debug\main.obj
D:\LacQ\Projects\InsertSort\InsertSort\Debug\cl.command.1.tlog
D:\LacQ\Projects\InsertSort\InsertSort\Debug\CL.read.1.tlog
D:\LacQ\Projects\InsertSort\InsertSort\Debug\CL.write.1.tlog
D:\LacQ\Projects\InsertSort\InsertSort\Debug\link-cvtres.read.1.tlog
D:\LacQ\Projects\InsertSort\InsertSort\Debug\link-cvtres.write.1.tlog
D:\LacQ\Projects\InsertSort\InsertSort\Debug\link-rc.read.1.tlog
D:\LacQ\Projects\InsertSort\InsertSort\Debug\link-rc.write.1.tlog
D:\LacQ\Projects\InsertSort\InsertSort\Debug\link.command.1.tlog
D:\LacQ\Projects\InsertSort\InsertSort\Debug\link.read.1.tlog
D:\LacQ\Projects\InsertSort\InsertSort\Debug\link.write.1.tlog
D:\LacQ\Projects\InsertSort\InsertSort\Debug\vc110.idb
D:\LacQ\Projects\InsertSort\InsertSort\Debug\vc110.pdb
D:\LacQ\Projects\InsertSort\Debug\InsertSort.pdb
D:\LacQ\Projects\InsertSort\Debug\InsertSort.exe
D:\LacQ\Projects\InsertSort\Debug\InsertSort.ilk
