C:\USERS\DONGQIZH\DOCUMENTS\VISUAL STUDIO 2012\PROJECTS\HASHTABLE\HASHTABLE\DEBUG\SOURCE.OBJ
C:\USERS\DONGQIZH\DOCUMENTS\VISUAL STUDIO 2012\PROJECTS\HASHTABLE\HASHTABLE\DEBUG\VC110.PDB
C:\USERS\DONGQIZH\DOCUMENTS\VISUAL STUDIO 2012\PROJECTS\HASHTABLE\DEBUG\HASHTABLE.ILK
C:\USERS\DONGQIZH\DOCUMENTS\VISUAL STUDIO 2012\PROJECTS\HASHTABLE\DEBUG\HASHTABLE.EXE
C:\USERS\DONGQIZH\DOCUMENTS\VISUAL STUDIO 2012\PROJECTS\HASHTABLE\DEBUG\HASHTABLE.PDB
c:\Users\dongqizh\documents\visual studio 2012\Projects\HashTable\HashTable\Debug\Source.obj
c:\Users\dongqizh\documents\visual studio 2012\Projects\HashTable\HashTable\Debug\cl.command.1.tlog
c:\Users\dongqizh\documents\visual studio 2012\Projects\HashTable\HashTable\Debug\CL.read.1.tlog
c:\Users\dongqizh\documents\visual studio 2012\Projects\HashTable\HashTable\Debug\CL.write.1.tlog
c:\Users\dongqizh\documents\visual studio 2012\Projects\HashTable\HashTable\Debug\link-cvtres.read.1.tlog
c:\Users\dongqizh\documents\visual studio 2012\Projects\HashTable\HashTable\Debug\link-cvtres.write.1.tlog
c:\Users\dongqizh\documents\visual studio 2012\Projects\HashTable\HashTable\Debug\link-rc.read.1.tlog
c:\Users\dongqizh\documents\visual studio 2012\Projects\HashTable\HashTable\Debug\link-rc.write.1.tlog
c:\Users\dongqizh\documents\visual studio 2012\Projects\HashTable\HashTable\Debug\link.command.1.tlog
c:\Users\dongqizh\documents\visual studio 2012\Projects\HashTable\HashTable\Debug\link.read.1.tlog
c:\Users\dongqizh\documents\visual studio 2012\Projects\HashTable\HashTable\Debug\link.write.1.tlog
c:\Users\dongqizh\documents\visual studio 2012\Projects\HashTable\HashTable\Debug\vc110.idb
c:\Users\dongqizh\documents\visual studio 2012\Projects\HashTable\HashTable\Debug\vc110.pdb
c:\users\dongqizh\documents\visual studio 2012\Projects\HashTable\Debug\HashTable.pdb
c:\users\dongqizh\documents\visual studio 2012\Projects\HashTable\Debug\HashTable.exe
c:\users\dongqizh\documents\visual studio 2012\Projects\HashTable\Debug\HashTable.ilk
