D:\LACQ\PROJECTS\HANOI\HANOI\DEBUG\MAIN.OBJ
D:\LACQ\PROJECTS\HANOI\HANOI\DEBUG\VC110.PDB
D:\LACQ\PROJECTS\HANOI\DEBUG\HANOI.ILK
D:\LACQ\PROJECTS\HANOI\DEBUG\HANOI.EXE
D:\LACQ\PROJECTS\HANOI\DEBUG\HANOI.PDB
D:\LacQ\Projects\Hanoi\Hanoi\Debug\main.obj
D:\LacQ\Projects\Hanoi\Hanoi\Debug\cl.command.1.tlog
D:\LacQ\Projects\Hanoi\Hanoi\Debug\CL.read.1.tlog
D:\LacQ\Projects\Hanoi\Hanoi\Debug\CL.write.1.tlog
D:\LacQ\Projects\Hanoi\Hanoi\Debug\link-cvtres.read.1.tlog
D:\LacQ\Projects\Hanoi\Hanoi\Debug\link-cvtres.write.1.tlog
D:\LacQ\Projects\Hanoi\Hanoi\Debug\link-rc.read.1.tlog
D:\LacQ\Projects\Hanoi\Hanoi\Debug\link-rc.write.1.tlog
D:\LacQ\Projects\Hanoi\Hanoi\Debug\link.command.1.tlog
D:\LacQ\Projects\Hanoi\Hanoi\Debug\link.read.1.tlog
D:\LacQ\Projects\Hanoi\Hanoi\Debug\link.write.1.tlog
D:\LacQ\Projects\Hanoi\Hanoi\Debug\vc110.idb
D:\LacQ\Projects\Hanoi\Hanoi\Debug\vc110.pdb
D:\LacQ\Projects\Hanoi\Debug\Hanoi.pdb
D:\LacQ\Projects\Hanoi\Debug\Hanoi.exe
D:\LacQ\Projects\Hanoi\Debug\Hanoi.ilk
